(---------------------------------------------------------------------)
(                                                                     )
(    NC DRILL Log                                                     )
(                                                                     )
(    Drawing          : AVRUSB500.brd                                 )
(    Software Version : 17.2P019                                      )
(    Date/Time        : Mon Jul 29 15:30:56 2019                      )
(                                                                     )
(---------------------------------------------------------------------)



 Processing NC Parameters file 'nc_param.txt' ...

 NC PARAMETERS
 -------------

 FORMAT   		5.5
 MACHINE-OFFSET		x:0.00000	y:0.00000   (mm)
 FEEDRATE		1
 COORDINATES		ABSOLUTE
 OUTPUT-UNITS		METRIC
 TOOL-ORDER		INCREASING
 REPEAT-CODES		NO
 SUPPRESS-LEAD-ZEROES	NO
 SUPPRESS-TRAIL-ZEROES	NO
 SUPPRESS-EQUAL		NO
 TOOL-SELECT		NO
 HEADER			none
 LEADER			12
 CODE			ASCII
 SEPARATE		NO
 SEPARATE-ROUTING	NO
 OPTIMIZE_DRILLING	NO
 ENHANCED_EXCELLON	NO
 SCALE			1.000000

 WARNING(SPMHMF-365): This design contains 4 slot holes that can NOT be drilled.
 WARNING(SPMHMF-366): They can be processed by NC routing instead.


 Drill files being output to directory 'C:/Users/user/Desktop/vscode_orcad/workspace/AVRUSB500/allegro/gerber' ...



     'AVRUSB500-1-2.drl' created for holes connecting TOP and BOTTOM
     ---------------------------------------------------------------

           Num     Size      +/- Tolerance     Plating   Quantity

            1.   0.3300    0.0000/  0.0000      PLATED         13
            2.   0.7870    0.0000/  0.0000      PLATED         12
            3.   1.0670    0.0000/  0.0000      PLATED         15
            4.   3.1750    0.0000/  0.0000  NON_PLATED          4

     ---- Total holes:                                         44

     ---- Total head travel:              2.78 feet (0.85 meters)

