(---------------------------------------------------------------------)
(                                                                     )
(    QUICKPLACE LOG                                                   )
(                                                                     )
(    Drawing          : AVRUSB500.brd                                 )
(    Software Version : 17.2P028                                      )
(    Date/Time        : Mon Jul 29 10:46:20 2019                      )
(                                                                     )
(---------------------------------------------------------------------)


State: Placing on layer TOP

         Placed symbol:  IC1 / ATMEGA8-DIL28_1_QUAD80M32WG900_ / QUAD80M32WG900 at (5.921 43.473)
         Placed symbol:  U1 / FT232BM_2_QUAD80M32WG900_FT232B / QUAD80M32WG900 at (17.160 43.473)
         Placed symbol:  J4 / CON5_BLKCON100VHTM1SQSW1005_FIR / BLKCON100VHTM1SQSW1005 at (27.180 43.575)
         Placed symbol:  J2 / CON4_7_MICRO_USB_USBA_ / MICRO_USB at (44.767 43.153)
         Placed symbol:  J1 / CON5_BLKCON100VHTM1SQSW1005_BBP / BLKCON100VHTM1SQSW1005 at (52.194 43.575)
         Placed symbol:  J3 / CON5_BLKCON100VHTM1SQSW1005_AVR / BLKCON100VHTM1SQSW1005 at (65.555 43.575)
         Placed symbol:  C5 / CAPACITOR NON-POL_CPCYL1D225LS1 / CPCYL1D225LS100031 at (79.106 45.162)
         Placed symbol:  C10 / CAPACITOR NON-POL_SML2015_22NF_ / SML2015 at (84.960 44.311)
         Placed symbol:  C9 / CAPACITOR NON-POL_CPCYL1D225LS1 / CPCYL1D225LS100031 at (92.542 45.162)
         Placed symbol:  C4 / CAPACITOR NON-POL_SML2015_47NF_ / SML2015 at (4.625 55.550)
         Placed symbol:  D1 / LED_CYLD250LS125031_LED_ / CYLD250LS125031 at (12.207 56.719)
         Placed symbol:  C6 / CAPACITOR POL_CPCYL1D225LS10003 / CPCYL1D225LS100031 at (18.963 56.401)
         Placed symbol:  C3 / CAPACITOR NON-POL_SML2015_27PF_ / SML2015 at (24.817 55.550)
         Placed symbol:  C8 / CAPACITOR NON-POL_SML2015_100NF / SML2015 at (32.132 55.550)
         Placed symbol:  C2 / CAPACITOR NON-POL_SML2015_27PF_ / SML2015 at (39.447 55.550)
         Placed symbol:  C7 / CAPACITOR NON-POL_SML2015_100NF / SML2015 at (46.762 55.550)
         Placed symbol:  R1 / R_SML2015_470_SML2015 / SML2015 at (54.077 55.550)
         Placed symbol:  C1 / CAPACITOR NON-POL_SML2015_47NF_ / SML2015 at (61.392 55.550)
         Placed symbol:  R11 / R_SML2015_1K_SML2015 / SML2015 at (68.707 55.550)
         Placed symbol:  R13 / R_SML2015_1K_SML2015 / SML2015 at (76.022 55.550)
         Placed symbol:  R12 / R_SML2015_220_SML2015 / SML2015 at (83.337 55.550)
         Placed symbol:  R14 / R_SML2015_220_SML2015 / SML2015 at (90.652 55.550)
         Placed symbol:  R15 / R_SML2015_220_SML2015 / SML2015 at (4.625 62.307)
         Placed symbol:  R2 / R_SML2015_220_SML2015 / SML2015 at (11.940 62.307)
         Placed symbol:  R3 / R_SML2015_220_SML2015 / SML2015 at (19.255 62.307)
         Placed symbol:  R4 / R_SML2015_220_SML2015 / SML2015 at (26.570 62.307)
         Placed symbol:  R5 / R_SML2015_27_SML2015 / SML2015 at (33.885 62.307)
         Placed symbol:  R6 / R_SML2015_27_SML2015 / SML2015 at (41.200 62.307)
         Placed symbol:  R7 / R_SML2015_1.5K_SML2015 / SML2015 at (48.515 62.307)
         Placed symbol:  R8 / R_SML2015_2.2_SML2015 / SML2015 at (55.830 62.307)
         Placed symbol:  R9 / R_SML2015_10K_SML2015 / SML2015 at (63.145 62.307)
         Placed symbol:  R10 / R_SML2015_470_SML2015 / SML2015 at (70.460 62.307)
         Placed symbol:  Y1 / ZTA_RAD450X200LS300031_3.6864MH / RAD450X200LS300031 at (78.360 62.841)
         Placed symbol:  Y2 / ZTA_RAD450X200LS300031_6MHZ_ / RAD450X200LS300031 at (5.210 68.328)


Placed 34 of 34 applicable (34 total) symbols.

-----------------------------------------------------------------------

